[    0.000000] Linux version 4.15.0-143-generic (buildd@lcy01-amd64-001) (gcc version 7.5.0 (Ubuntu 7.5.0-3ubuntu1~18.04)) #147-Ubuntu SMP Wed Apr 14 16:10:11 UTC 2021 (Ubuntu 4.15.0-143.147-generic 4.15.18)
[    0.000000] Command line: BOOT_IMAGE=/boot/vmlinuz-4.15.0-143-generic root=LABEL=cloudimg-rootfs ro console=tty1 console=ttyS0
[    0.000000] KERNEL supported cpus:
[    0.000000]   Intel GenuineIntel
[    0.000000]   AMD AuthenticAMD
[    0.000000]   Centaur CentaurHauls
[    0.000000] x86/fpu: Supporting XSAVE feature 0x001: 'x87 floating point registers'
[    0.000000] x86/fpu: Supporting XSAVE feature 0x002: 'SSE registers'
[    0.000000] x86/fpu: Supporting XSAVE feature 0x004: 'AVX registers'
[    0.000000] x86/fpu: xstate_offset[2]:  576, xstate_sizes[2]:  256
[    0.000000] x86/fpu: Enabled xstate features 0x7, context size is 832 bytes, using 'standard' format.
[    0.000000] e820: BIOS-provided physical RAM map:
[    0.000000] BIOS-e820: [mem 0x0000000000000000-0x000000000009fbff] usable
[    0.000000] BIOS-e820: [mem 0x000000000009fc00-0x000000000009ffff] reserved
[    0.000000] BIOS-e820: [mem 0x00000000000f0000-0x00000000000fffff] reserved
[    0.000000] BIOS-e820: [mem 0x0000000000100000-0x000000003ffeffff] usable
[    0.000000] BIOS-e820: [mem 0x000000003fff0000-0x000000003fffffff] ACPI data
[    0.000000] BIOS-e820: [mem 0x00000000fec00000-0x00000000fec00fff] reserved
[    0.000000] BIOS-e820: [mem 0x00000000fee00000-0x00000000fee00fff] reserved
[    0.000000] BIOS-e820: [mem 0x00000000fffc0000-0x00000000ffffffff] reserved
[    0.000000] NX (Execute Disable) protection: active
[    0.000000] SMBIOS 2.5 present.
[    0.000000] DMI: innotek GmbH VirtualBox/VirtualBox, BIOS VirtualBox 12/01/2006
[    0.000000] Hypervisor detected: KVM
[    0.000000] e820: last_pfn = 0x3fff0 max_arch_pfn = 0x400000000
[    0.000000] MTRR: Disabled
[    0.000000] x86/PAT: MTRRs disabled, skipping PAT initialization too.
[    0.000000] CPU MTRRs all blank - virtualized system.
[    0.000000] x86/PAT: Configuration [0-7]: WB  WT  UC- UC  WB  WT  UC- UC  
[    0.000000] found SMP MP-table at [mem 0x0009fff0-0x0009ffff]
[    0.000000] Scanning 1 areas for low memory corruption
[    0.000000] RAMDISK: [mem 0x359d3000-0x36ce0fff]
[    0.000000] ACPI: Early table checksum verification disabled
[    0.000000] ACPI: RSDP 0x00000000000E0000 000024 (v02 VBOX  )
[    0.000000] ACPI: XSDT 0x000000003FFF0030 00003C (v01 VBOX   VBOXXSDT 00000001 ASL  00000061)
[    0.000000] ACPI: FACP 0x000000003FFF00F0 0000F4 (v04 VBOX   VBOXFACP 00000001 ASL  00000061)
[    0.000000] ACPI: DSDT 0x000000003FFF0470 002325 (v02 VBOX   VBOXBIOS 00000002 INTL 20120111)
[    0.000000] ACPI: FACS 0x000000003FFF0200 000040
[    0.000000] ACPI: FACS 0x000000003FFF0200 000040
[    0.000000] ACPI: APIC 0x000000003FFF0240 00005C (v02 VBOX   VBOXAPIC 00000001 ASL  00000061)
[    0.000000] ACPI: SSDT 0x000000003FFF02A0 0001CC (v01 VBOX   VBOXCPUT 00000002 INTL 20120111)
[    0.000000] No NUMA configuration found
[    0.000000] Faking a node at [mem 0x0000000000000000-0x000000003ffeffff]
[    0.000000] NODE_DATA(0) allocated [mem 0x3ffc5000-0x3ffeffff]
[    0.000000] kvm-clock: cpu 0, msr 0:3ff44001, primary cpu clock
[    0.000000] kvm-clock: Using msrs 4b564d01 and 4b564d00
[    0.000000] kvm-clock: using sched offset of 4022830469 cycles
[    0.000000] clocksource: kvm-clock: mask: 0xffffffffffffffff max_cycles: 0x1cd42e4dffb, max_idle_ns: 881590591483 ns
[    0.000000] Zone ranges:
[    0.000000]   DMA      [mem 0x0000000000001000-0x0000000000ffffff]
[    0.000000]   DMA32    [mem 0x0000000001000000-0x000000003ffeffff]
[    0.000000]   Normal   empty
[    0.000000]   Device   empty
[    0.000000] Movable zone start for each node
[    0.000000] Early memory node ranges
[    0.000000]   node   0: [mem 0x0000000000001000-0x000000000009efff]
[    0.000000]   node   0: [mem 0x0000000000100000-0x000000003ffeffff]
[    0.000000] Reserved but unavailable: 98 pages
[    0.000000] Initmem setup node 0 [mem 0x0000000000001000-0x000000003ffeffff]
[    0.000000] ACPI: PM-Timer IO Port: 0x4008
[    0.000000] IOAPIC[0]: apic_id 2, version 32, address 0xfec00000, GSI 0-23
[    0.000000] ACPI: INT_SRC_OVR (bus 0 bus_irq 0 global_irq 2 dfl dfl)
[    0.000000] ACPI: INT_SRC_OVR (bus 0 bus_irq 9 global_irq 9 low level)
[    0.000000] Using ACPI (MADT) for SMP configuration information
[    0.000000] smpboot: Allowing 2 CPUs, 0 hotplug CPUs
[    0.000000] PM: Registered nosave memory: [mem 0x00000000-0x00000fff]
[    0.000000] PM: Registered nosave memory: [mem 0x0009f000-0x0009ffff]
[    0.000000] PM: Registered nosave memory: [mem 0x000a0000-0x000effff]
[    0.000000] PM: Registered nosave memory: [mem 0x000f0000-0x000fffff]
[    0.000000] e820: [mem 0x40000000-0xfebfffff] available for PCI devices
[    0.000000] Booting paravirtualized kernel on KVM
[    0.000000] clocksource: refined-jiffies: mask: 0xffffffff max_cycles: 0xffffffff, max_idle_ns: 7645519600211568 ns
[    0.000000] random: get_random_bytes called from start_kernel+0x99/0x500 with crng_init=0
[    0.000000] setup_percpu: NR_CPUS:8192 nr_cpumask_bits:2 nr_cpu_ids:2 nr_node_ids:1
[    0.000000] percpu: Embedded 45 pages/cpu s147456 r8192 d28672 u1048576
[    0.000000] PV qspinlock hash table entries: 256 (order: 0, 4096 bytes)
[    0.000000] Built 1 zonelists, mobility grouping on.  Total pages: 257913
[    0.000000] Policy zone: DMA32
[    0.000000] Kernel command line: BOOT_IMAGE=/boot/vmlinuz-4.15.0-143-generic root=LABEL=cloudimg-rootfs ro console=tty1 console=ttyS0
[    0.000000] Memory: 982728K/1048120K available (12300K kernel code, 2483K rwdata, 4316K rodata, 2444K init, 2724K bss, 65392K reserved, 0K cma-reserved)
[    0.000000] SLUB: HWalign=64, Order=0-3, MinObjects=0, CPUs=2, Nodes=1
[    0.000000] Kernel/User page tables isolation: enabled
[    0.000000] ftrace: allocating 39437 entries in 155 pages
[    0.004000] Hierarchical RCU implementation.
[    0.004000] 	RCU restricting CPUs from NR_CPUS=8192 to nr_cpu_ids=2.
[    0.004000] 	Tasks RCU enabled.
[    0.004000] RCU: Adjusting geometry for rcu_fanout_leaf=16, nr_cpu_ids=2
[    0.004000] NR_IRQS: 524544, nr_irqs: 440, preallocated irqs: 16
[    0.004000] Console: colour VGA+ 80x25
[    0.004000] console [tty1] enabled
[    0.004000] console [ttyS0] enabled
[    0.004000] ACPI: Core revision 20170831
[    0.004000] ACPI: 2 ACPI AML tables successfully acquired and loaded
[    0.004000] APIC: Switch to symmetric I/O mode setup
[    0.004000] x2apic enabled
[    0.004000] Switched APIC routing to physical x2apic.
[    0.004000] ..TIMER: vector=0x30 apic1=0 pin1=2 apic2=-1 pin2=-1
[    0.004004] tsc: Detected 2304.000 MHz processor
[    0.004924] Calibrating delay loop (skipped) preset value.. 4608.00 BogoMIPS (lpj=9216000)
[    0.008002] pid_max: default: 32768 minimum: 301
[    0.008917] Security Framework initialized
[    0.009710] Yama: becoming mindful.
[    0.010414] AppArmor: AppArmor initialized
[    0.012032] Dentry cache hash table entries: 131072 (order: 8, 1048576 bytes)
[    0.016094] Inode-cache hash table entries: 65536 (order: 7, 524288 bytes)
[    0.017652] Mount-cache hash table entries: 2048 (order: 2, 16384 bytes)
[    0.018992] Mountpoint-cache hash table entries: 2048 (order: 2, 16384 bytes)
[    0.020257] Last level iTLB entries: 4KB 64, 2MB 8, 4MB 8
[    0.021277] Last level dTLB entries: 4KB 64, 2MB 0, 4MB 0, 1GB 4
[    0.022395] Spectre V1 : Mitigation: usercopy/swapgs barriers and __user pointer sanitization
[    0.024002] Spectre V2 : Mitigation: Full generic retpoline
[    0.025144] Spectre V2 : Spectre v2 / SpectreRSB mitigation: Filling RSB on context switch
[    0.026726] Speculative Store Bypass: Vulnerable
[    0.028039] SRBDS: Unknown: Dependent on hypervisor status
[    0.029071] MDS: Mitigation: Clear CPU buffers
[    0.030076] Freeing SMP alternatives memory: 36K
[    0.141186] smpboot: CPU0: Intel(R) Core(TM) i5-8259U CPU @ 2.30GHz (family: 0x6, model: 0x8e, stepping: 0xa)
[    0.143991] Performance Events: unsupported p6 CPU model 142 no PMU driver, software events only.
[    0.144034] Hierarchical SRCU implementation.
[    0.145580] NMI watchdog: Perf event create on CPU 0 failed with -2
[    0.146763] NMI watchdog: Perf NMI watchdog permanently disabled
[    0.148038] smp: Bringing up secondary CPUs ...
[    0.148978] x86: Booting SMP configuration:
[    0.149827] .... node  #0, CPUs:      #1
[    0.004000] kvm-clock: cpu 1, msr 0:3ff44041, secondary cpu clock
[    0.154389] smp: Brought up 1 node, 2 CPUs
[    0.154389] smpboot: Max logical packages: 1
[    0.156004] smpboot: Total of 2 processors activated (9216.00 BogoMIPS)
[    0.157438] devtmpfs: initialized
[    0.160045] x86/mm: Memory block size: 128MB
[    0.161434] evm: security.selinux
[    0.162300] evm: security.SMACK64
[    0.163275] evm: security.SMACK64EXEC
[    0.164003] evm: security.SMACK64TRANSMUTE
[    0.164843] evm: security.SMACK64MMAP
[    0.165588] evm: security.apparmor
[    0.166304] evm: security.ima
[    0.166917] evm: security.capability
[    0.168072] clocksource: jiffies: mask: 0xffffffff max_cycles: 0xffffffff, max_idle_ns: 7645041785100000 ns
[    0.169897] futex hash table entries: 512 (order: 3, 32768 bytes)
[    0.172000] pinctrl core: initialized pinctrl subsystem
[    0.172140] RTC time:  8:34:59, date: 06/09/21
[    0.176193] NET: Registered protocol family 16
[    0.177260] audit: initializing netlink subsys (disabled)
[    0.178398] audit: type=2000 audit(1623227705.189:1): state=initialized audit_enabled=0 res=1
[    0.180029] cpuidle: using governor ladder
[    0.180866] cpuidle: using governor menu
[    0.181650] ACPI: bus type PCI registered
[    0.182814] acpiphp: ACPI Hot Plug PCI Controller Driver version: 0.5
[    0.184101] PCI: Using configuration type 1 for base access
[    0.185209] HugeTLB registered 2.00 MiB page size, pre-allocated 0 pages
[    0.188114] ACPI: Added _OSI(Module Device)
[    0.189293] ACPI: Added _OSI(Processor Device)
[    0.190384] ACPI: Added _OSI(3.0 _SCP Extensions)
[    0.192003] ACPI: Added _OSI(Processor Aggregator Device)
[    0.193082] ACPI: Added _OSI(Linux-Dell-Video)
[    0.194036] ACPI: Added _OSI(Linux-Lenovo-NV-HDMI-Audio)
[    0.195129] ACPI: Added _OSI(Linux-HPI-Hybrid-Graphics)
[    0.196372] ACPI: Executed 1 blocks of module-level executable AML code
[    0.201479] ACPI: Interpreter enabled
[    0.202281] ACPI: (supports S0 S5)
[    0.203350] ACPI: Using IOAPIC for interrupt routing
[    0.204182] PCI: Using host bridge windows from ACPI; if necessary, use "pci=nocrs" and report a bug
[    0.206128] ACPI: Enabled 2 GPEs in block 00 to 07
[    0.214524] ACPI: PCI Root Bridge [PCI0] (domain 0000 [bus 00-ff])
[    0.216014] acpi PNP0A03:00: _OSC: OS supports [ASPM ClockPM Segments MSI]
[    0.218133] acpi PNP0A03:00: _OSC: not requesting OS control; OS requires [ExtendedConfig ASPM ClockPM MSI]
[    0.220023] acpi PNP0A03:00: fail to add MMCONFIG information, can't access extended PCI configuration space under this bridge.
[    0.222921] PCI host bridge to bus 0000:00
[    0.224005] pci_bus 0000:00: root bus resource [io  0x0000-0x0cf7 window]
[    0.225379] pci_bus 0000:00: root bus resource [io  0x0d00-0xffff window]
[    0.226774] pci_bus 0000:00: root bus resource [mem 0x000a0000-0x000bffff window]
[    0.228008] pci_bus 0000:00: root bus resource [mem 0x40000000-0xfdffffff window]
[    0.229770] pci_bus 0000:00: root bus resource [bus 00-ff]
[    0.234788] pci 0000:00:01.1: legacy IDE quirk: reg 0x10: [io  0x01f0-0x01f7]
[    0.236006] pci 0000:00:01.1: legacy IDE quirk: reg 0x14: [io  0x03f6]
[    0.237297] pci 0000:00:01.1: legacy IDE quirk: reg 0x18: [io  0x0170-0x0177]
[    0.240005] pci 0000:00:01.1: legacy IDE quirk: reg 0x1c: [io  0x0376]
[    0.256925] pci 0000:00:07.0: quirk: [io  0x4000-0x403f] claimed by PIIX4 ACPI
[    0.258752] pci 0000:00:07.0: quirk: [io  0x4100-0x410f] claimed by PIIX4 SMB
[    0.266110] ACPI: PCI Interrupt Link [LNKA] (IRQs 5 9 10 *11)
[    0.267881] ACPI: PCI Interrupt Link [LNKB] (IRQs 5 9 *10 11)
[    0.268140] ACPI: PCI Interrupt Link [LNKC] (IRQs 5 *9 10 11)
[    0.269679] ACPI: PCI Interrupt Link [LNKD] (IRQs 5 9 10 *11)
[    0.272365] SCSI subsystem initialized
[    0.273212] pci 0000:00:02.0: vgaarb: setting as boot VGA device
[    0.273232] pci 0000:00:02.0: vgaarb: VGA device added: decodes=io+mem,owns=io+mem,locks=none
[    0.276010] pci 0000:00:02.0: vgaarb: bridge control possible
[    0.277172] vgaarb: loaded
[    0.277777] ACPI: bus type USB registered
[    0.280027] usbcore: registered new interface driver usbfs
[    0.281172] usbcore: registered new interface driver hub
[    0.282830] usbcore: registered new device driver usb
[    0.284056] EDAC MC: Ver: 3.0.0
[    0.284973] PCI: Using ACPI for IRQ routing
[    0.285380] NetLabel: Initializing
[    0.286152] NetLabel:  domain hash size = 128
[    0.288007] NetLabel:  protocols = UNLABELED CIPSOv4 CALIPSO
[    0.289130] NetLabel:  unlabeled traffic allowed by default
[    0.290261] clocksource: Switched to clocksource kvm-clock
[    0.303232] VFS: Disk quotas dquot_6.6.0
[    0.304417] VFS: Dquot-cache hash table entries: 512 (order 0, 4096 bytes)
[    0.306189] AppArmor: AppArmor Filesystem Enabled
[    0.307682] pnp: PnP ACPI init
[    0.309788] pnp: PnP ACPI: found 3 devices
[    0.318360] clocksource: acpi_pm: mask: 0xffffff max_cycles: 0xffffff, max_idle_ns: 2085701024 ns
[    0.320073] NET: Registered protocol family 2
[    0.321348] TCP established hash table entries: 8192 (order: 4, 65536 bytes)
[    0.322686] TCP bind hash table entries: 8192 (order: 5, 131072 bytes)
[    0.326164] TCP: Hash tables configured (established 8192 bind 8192)
[    0.328090] UDP hash table entries: 512 (order: 2, 16384 bytes)
[    0.329371] UDP-Lite hash table entries: 512 (order: 2, 16384 bytes)
[    0.330626] NET: Registered protocol family 1
[    0.331502] pci 0000:00:00.0: Limiting direct PCI/PCI transfers
[    0.333531] pci 0000:00:01.0: Activating ISA DMA hang workarounds
[    0.334741] pci 0000:00:02.0: Video device with shadowed ROM at [mem 0x000c0000-0x000dffff]
[    0.336446] Unpacking initramfs...
[    0.610263] Freeing initrd memory: 19512K
[    0.611441] clocksource: tsc: mask: 0xffffffffffffffff max_cycles: 0x2135f7c97c8, max_idle_ns: 440795273205 ns
[    0.614430] platform rtc_cmos: registered platform RTC device (no PNP device found)
[    0.616025] Scanning for low memory corruption every 60 seconds
[    0.617838] Initialise system trusted keyrings
[    0.618729] Key type blacklist registered
[    0.619558] workingset: timestamp_bits=36 max_order=18 bucket_order=0
[    0.622195] zbud: loaded
[    0.623158] squashfs: version 4.0 (2009/01/31) Phillip Lougher
[    0.624656] fuse init (API version 7.26)
[    0.627045] Key type asymmetric registered
[    0.627875] Asymmetric key parser 'x509' registered
[    0.628891] Block layer SCSI generic (bsg) driver version 0.4 loaded (major 246)
[    0.630384] io scheduler noop registered
[    0.631186] io scheduler deadline registered
[    0.632393] io scheduler cfq registered (default)
[    0.633998] ACPI: AC Adapter [AC] (off-line)
[    0.634889] input: Power Button as /devices/LNXSYSTM:00/LNXPWRBN:00/input/input0
[    0.636446] ACPI: Power Button [PWRF]
[    0.637949] input: Sleep Button as /devices/LNXSYSTM:00/LNXSLPBN:00/input/input1
[    0.639407] ACPI: Sleep Button [SLPF]
[    0.641466] ACPI: Battery Slot [BAT0] (battery present)
[    0.642888] Serial: 8250/16550 driver, 32 ports, IRQ sharing enabled
[    0.665707] 00:02: ttyS0 at I/O 0x3f8 (irq = 4, base_baud = 115200) is a 16550A
[    0.669777] Linux agpgart interface v0.103
[    0.671751] loop: module loaded
[    0.672900] scsi host0: ata_piix
[    0.673756] scsi host1: ata_piix
[    0.674443] ata1: PATA max UDMA/33 cmd 0x1f0 ctl 0x3f6 bmdma 0xd000 irq 14
[    0.675759] ata2: PATA max UDMA/33 cmd 0x170 ctl 0x376 bmdma 0xd008 irq 15
[    0.677206] libphy: Fixed MDIO Bus: probed
[    0.678043] tun: Universal TUN/TAP device driver, 1.6
[    0.679366] PPP generic driver version 2.4.2
[    0.680397] ehci_hcd: USB 2.0 'Enhanced' Host Controller (EHCI) Driver
[    0.682379] ehci-pci: EHCI PCI platform driver
[    0.683288] ehci-platform: EHCI generic platform driver
[    0.684362] ohci_hcd: USB 1.1 'Open' Host Controller (OHCI) Driver
[    0.685568] ohci-pci: OHCI PCI platform driver
[    0.686486] ohci-platform: OHCI generic platform driver
[    0.687693] uhci_hcd: USB Universal Host Controller Interface driver
[    0.689190] i8042: PNP: PS/2 Controller [PNP0303:PS2K,PNP0f03:PS2M] at 0x60,0x64 irq 1,12
[    0.691399] serio: i8042 KBD port at 0x60,0x64 irq 1
[    0.692706] serio: i8042 AUX port at 0x60,0x64 irq 12
[    0.694224] mousedev: PS/2 mouse device common for all mice
[    0.696230] input: AT Translated Set 2 keyboard as /devices/platform/i8042/serio0/input/input2
[    0.698004] rtc_cmos rtc_cmos: rtc core: registered rtc_cmos as rtc0
[    0.699456] rtc_cmos rtc_cmos: alarms up to one day, 114 bytes nvram
[    0.700863] i2c /dev entries driver
[    0.701969] device-mapper: uevent: version 1.0.3
[    0.703058] device-mapper: ioctl: 4.37.0-ioctl (2017-09-20) initialised: dm-devel@redhat.com
[    0.705062] ledtrig-cpu: registered to indicate activity on CPUs
[    0.706854] NET: Registered protocol family 10
[    0.711000] Segment Routing with IPv6
[    0.712307] NET: Registered protocol family 17
[    0.713323] Key type dns_resolver registered
[    0.714360] mce: Using 0 MCE banks
[    0.715081] RAS: Correctable Errors collector initialized.
[    0.716156] sched_clock: Marking stable (714335995, 0)->(879151663, -164815668)
[    0.718899] registered taskstats version 1
[    0.719826] Loading compiled-in X.509 certificates
[    0.723148] Loaded X.509 cert 'Build time autogenerated kernel key: de118354fe72448b469776565e76ac30c08e8db2'
[    0.725616] Loaded X.509 cert 'Canonical Ltd. Live Patch Signing: 14df34d1a87cf37625abec039ef2bf521249b969'
[    0.727952] Loaded X.509 cert 'Canonical Ltd. Kernel Module Signing: 88f752e560a1e0737e31163a466ad7b70a850c19'
[    0.730022] zswap: loaded using pool lzo/zbud
[    0.733779] Key type big_key registered
[    0.734564] Key type trusted registered
[    0.736610] Key type encrypted registered
[    0.737423] AppArmor: AppArmor sha1 policy hashing enabled
[    0.738490] ima: No TPM chip found, activating TPM-bypass! (rc=-19)
[    0.739709] ima: Allocated hash algorithm: sha1
[    0.741063] evm: HMAC attrs: 0x1
[    0.742052]   Magic number: 9:551:573
[    0.742899] rtc_cmos rtc_cmos: setting system clock to 2021-06-09 08:34:59 UTC (1623227699)
[    0.744908] BIOS EDD facility v0.16 2004-Jun-25, 0 devices found
[    0.746079] EDD information not available.
[    0.862524] Freeing unused kernel image memory: 2444K
[    0.872427] Write protecting the kernel read-only data: 20480k
[    0.875163] Freeing unused kernel image memory: 2008K
[    0.876787] Freeing unused kernel image memory: 1828K
[    0.883912] x86/mm: Checked W+X mappings: passed, no W+X pages found.
[    0.885645] x86/mm: Checking user space page tables
[    0.891816] x86/mm: Checked W+X mappings: passed, no W+X pages found.
Loading, please wait...
starting version 237
[    0.949931] e1000: Intel(R) PRO/1000 Network Driver - version 7.3.21-k8-NAPI
[    0.951959] e1000: Copyright (c) 1999-2006 Intel Corporation.
[    0.957117] Fusion MPT base driver 3.04.20
[    0.958567] Copyright (c) 1999-2008 LSI Corporation
[    0.966321] Fusion MPT SPI Host driver 3.04.20
[    0.971120] AVX2 version of gcm_enc/dec engaged.
[    0.972464] AES CTR mode by8 optimization enabled
[    1.167567] input: ImExPS/2 Generic Explorer Mouse as /devices/platform/i8042/serio1/input/input4
[    1.609967] e1000 0000:00:03.0 eth0: (PCI:33MHz:32-bit) 02:c3:ac:bf:e0:17
[    1.611728] e1000 0000:00:03.0 eth0: Intel(R) PRO/1000 Network Connection
[    1.614617] mptbase: ioc0: Initiating bringup
[    1.615191] e1000 0000:00:03.0 enp0s3: renamed from eth0
[    1.720325] ioc0: LSI53C1030 A0: Capabilities={Initiator}
[    1.965208] scsi host2: ioc0: LSI53C1030 A0, FwRev=00000000h, Ports=1, MaxQ=256, IRQ=20
[    2.133176] scsi 2:0:0:0: Direct-Access     VBOX     HARDDISK         1.0  PQ: 0 ANSI: 5
[    2.160078] scsi target2:0:0: Beginning Domain Validation
[    2.163633] scsi target2:0:0: Domain Validation skipping write tests
[    2.165067] scsi target2:0:0: Ending Domain Validation
[    2.166285] scsi target2:0:0: asynchronous
[    2.167719] scsi 2:0:1:0: Direct-Access     VBOX     HARDDISK         1.0  PQ: 0 ANSI: 5
[    2.200410] scsi target2:0:1: Beginning Domain Validation
[    2.204283] random: fast init done
[    2.205294] scsi target2:0:1: Domain Validation skipping write tests
[    2.206698] scsi target2:0:1: Ending Domain Validation
[    2.207887] scsi target2:0:1: asynchronous
[    2.212232] random: systemd-udevd: uninitialized urandom read (16 bytes read)
[    2.213655] random: systemd-udevd: uninitialized urandom read (16 bytes read)
[    2.215869] random: systemd-udevd: uninitialized urandom read (16 bytes read)
[    2.217971] sd 2:0:0:0: [sda] 83886080 512-byte logical blocks: (42.9 GB/40.0 GiB)
[    2.219541] sd 2:0:0:0: [sda] Write Protect is off
[    2.220565] sd 2:0:0:0: Attached scsi generic sg0 type 0
[    2.221882] sd 2:0:0:0: [sda] Incomplete mode parameter data
[    2.222996] sd 2:0:0:0: [sda] Assuming drive cache: write through
[    2.224958] sd 2:0:1:0: [sdb] 20480 512-byte logical blocks: (10.5 MB/10.0 MiB)
[    2.226965] sd 2:0:1:0: Attached scsi generic sg1 type 0
[    2.228038] sd 2:0:1:0: [sdb] Write Protect is off
[    2.229286] sd 2:0:1:0: [sdb] Incomplete mode parameter data
[    2.230618] sd 2:0:1:0: [sdb] Assuming drive cache: write through
[    2.231831]  sda: sda1
[    2.233471] sd 2:0:0:0: [sda] Attached SCSI disk
[    2.234386] sd 2:0:1:0: [sdb] Attached SCSI disk
Begin: Loading essential drivers ... [    3.936511] raid6: sse2x1   gen() 12498 MB/s
[    3.985684] raid6: sse2x1   xor()  9252 MB/s
[    4.032176] raid6: sse2x2   gen() 15674 MB/s
[    4.082142] raid6: sse2x2   xor() 10990 MB/s
[    4.128143] raid6: sse2x4   gen() 17773 MB/s
[    4.176665] raid6: sse2x4   xor() 11565 MB/s
[    4.224128] raid6: avx2x1   gen() 24672 MB/s
[    4.273415] raid6: avx2x1   xor() 17040 MB/s
[    4.323593] raid6: avx2x2   gen() 31189 MB/s
[    4.372893] raid6: avx2x2   xor() 19102 MB/s
[    4.420070] raid6: avx2x4   gen() 35357 MB/s
[    4.468405] raid6: avx2x4   xor() 20634 MB/s
[    4.469874] raid6: using algorithm avx2x4 gen() 35357 MB/s
[    4.470924] raid6: .... xor() 20634 MB/s, rmw enabled
[    4.472397] raid6: using avx2x2 recovery algorithm
[    4.474220] xor: automatically using best checksumming function   avx       
[    4.476731] async_tx: api initialized (async)
done.
Begin: Running /scripts/init-premount ... done.
Begin: Mounting root file system ... Begin: Running /scripts/local-top ... done.
Begin: Running /scripts/local-premount ... [    4.516655] Btrfs loaded, crc32c=crc32c-intel
Scanning for Btrfs filesystems
done.
Warning: fsck not present, so skipping root file system
[    4.540994] EXT4-fs (sda1): mounted filesystem with ordered data mode. Opts: (null)
done.
Begin: Running /scripts/local-bottom ... done.
Begin: Running /scripts/init-bottom ... done.
[    4.717752] ip_tables: (C) 2000-2006 Netfilter Core Team
[    4.726505] systemd[1]: systemd 237 running in system mode. (+PAM +AUDIT +SELINUX +IMA +APPARMOR +SMACK +SYSVINIT +UTMP +LIBCRYPTSETUP +GCRYPT +GNUTLS +ACL +XZ +LZ4 +SECCOMP +BLKID +ELFUTILS +KMOD -IDN2 +IDN -PCRE2 default-hierarchy=hybrid)
[    4.730625] systemd[1]: Detected virtualization oracle.
[    4.732241] systemd[1]: Detected architecture x86-64.

Welcome to [1mUbuntu 18.04.5 LTS[0m!

[    4.741117] systemd[1]: Set hostname to <ubuntu>.
[    4.744284] systemd[1]: Initializing machine ID from random generator.
[    4.745607] systemd[1]: Installed transient /etc/machine-id file.
[    4.965649] systemd[1]: Started Forward Password Requests to Wall Directory Watch.
[[0;32m  OK  [0m] Started Forward Password Requests to Wall Directory Watch.
[    4.969568] systemd[1]: Created slice System Slice.
[[0;32m  OK  [0m] Created slice System Slice.
[    4.971359] systemd[1]: Listening on Device-mapper event daemon FIFOs.
[[0;32m  OK  [0m] Listening on Device-mapper event daemon FIFOs.
[    4.973744] systemd[1]: Listening on /dev/initctl Compatibility Named Pipe.
[[0;32m  OK  [0m] Listening on /dev/initctl Compatibility Named Pipe.
[[0;32m  OK  [0m] Listening on udev Control Socket.
[[0;32m  OK  [0m] Listening on fsck to fsckd communication Socket.
[[0;32m  OK  [0m] Listening on Journal Socket (/dev/log).
[[0;32m  OK  [0m] Listening on LVM2 poll daemon socket.
[[0;32m  OK  [0m] Created slice system-serial\x2dgetty.slice.
[[0;32m  OK  [0m] Listening on LVM2 metadata daemon socket.
[[0;32m  OK  [0m] Reached target System Time Synchronized.
[[0;32m  OK  [0m] Listening on Journal Socket.
         Mounting Kernel Debug File System...
         Starting File System Check on Root Device...
         Starting Load Kernel Modules...
[[0;32m  OK  [0m] Listening on Network Service Netlink Socket.
[[0;32m  OK  [0m] Reached target User and Group Name Lookups.
[[0;32m  OK  [0m] Created slice User and Session Slice.
[[0;32m  OK  [0m] Reached target Slices.
         Starting Create list of required st…ce nodes for the current kernel...
[[0;32m  OK  [0m] Listening on Syslog Socket.
[[0;32m  OK  [0m] Listening on udev Kernel Socket.
         Starting udev Coldplug all Devices...
[[0;32m  OK  [0m] Set up automount Arbitrary Executab…rmats File System Automount Point.
[    5.011303] Loading iSCSI transport class v2.0-870.
[    5.016821] iscsi: registered transport (tcp)
[    5.033130] iscsi: registered transport (iser)
         Mounting Huge Pages File System...
         Mounting POSIX Message Queue File System...
         Starting Monitoring of LVM2 mirrors…ng dmeventd or progress polling...
[[0;32m  OK  [0m] Reached target Swap.
[[0;32m  OK  [0m] Listening on Journal Audit Socket.
         Starting Journal Service...
         Starting Uncomplicated firewall...
         Starting Set the console keyboard layout...
[[0;32m  OK  [0m] Mounted Kernel Debug File System.
[[0;32m  OK  [0m] Started File System Check on Root Device.
[[0;32m  OK  [0m] Started Load Kernel Modules.
[[0;32m  OK  [0m] Started Create list of required sta…vice nodes for the current kernel.
[[0;32m  OK  [0m] Mounted Huge Pages File System.
[[0;32m  OK  [0m] Mounted POSIX Message Queue File System.
[[0;32m  OK  [0m] Started File System Check Daemon to report status.
         Starting Create Static Device Nodes in /dev...
         Mounting Kernel Configuration File System...
         Mounting FUSE Control File System...
         Starting Apply Kernel Variables...
         Starting Remount Root and Kernel File Systems...
[[0;32m  OK  [0m] Started Journal Service.
[[0;32m  OK  [0m] Started Uncomplicated firewall.
[[0;32m  OK  [0m] Started udev Coldplug all Devices.
[[0;32m  OK  [0m] Mounted Kernel Configuration File System.
[[0;32m  OK  [0m] Mounted FUSE Control File System.
[[0;32m  OK  [0m] Started Create Static Device Nodes in /dev.
[[0;32m  OK  [0m] Started LVM2 metadata daemon.
[[0;32m  OK  [0m] Started Apply Kernel Variables.
[[0;32m  OK  [0m] Started Remount Root and Kernel File Systems.
[[0;32m  OK  [0m] Started Monitoring of LVM2 mirrors,…sing dmeventd or progress polling.
         Starting Flush Journal to Persistent Storage...
         Starting udev Kernel Device Manager...
         Starting Load/Save Random Seed...
[[0;32m  OK  [0m] Started Load/Save Random Seed.
[[0;32m  OK  [0m] Started Set the console keyboard layout.
[[0;32m  OK  [0m] Reached target Local File Systems (Pre).
[[0;32m  OK  [0m] Reached target Local File Systems.
         Starting Commit a transient machine-id on disk...
         Starting Set console font and keymap...
         Starting Tell Plymouth To Write Out Runtime Data...
         Starting AppArmor initialization...
         Starting ebtables ruleset management...
[[0;32m  OK  [0m] Started Set console font and keymap.
[[0;32m  OK  [0m] Started Tell Plymouth To Write Out Runtime Data.
[[0;32m  OK  [0m] Started udev Kernel Device Manager.
[[0;32m  OK  [0m] Started Dispatch Password Requests to Console Directory Watch.
[[0;32m  OK  [0m] Reached target Local Encrypted Volumes.
[[0;32m  OK  [0m] Started Flush Journal to Persistent Storage.
[[0;32m  OK  [0m] Started Commit a transient machine-id on disk.
         Starting Create Volatile Files and Directories...
[[0;32m  OK  [0m] Started Create Volatile Files and Directories.
[[0;32m  OK  [0m] Started ebtables ruleset management.
         Starting Update UTMP about System Boot/Shutdown...
[[0;32m  OK  [0m] Started Update UTMP about System Boot/Shutdown.
[[0;32m  OK  [0m] Found device /dev/ttyS0.
[[0;32m  OK  [0m] Listening on Load/Save RF Kill Switch Status /dev/rfkill Watch.
[[0;32m  OK  [0m] Started AppArmor initialization.
         Starting Load AppArmor profiles managed internally by snapd...
         Starting Initial cloud-init job (pre-networking)...
[[0;32m  OK  [0m] Started Load AppArmor profiles managed internally by snapd.
[    7.303891] cloud-init[577]: Cloud-init v. 21.1-19-gbad84ad4-0ubuntu1~18.04.2 running 'init-local' at Wed, 09 Jun 2021 08:35:05 +0000. Up 7.00 seconds.
[[0;32m  OK  [0m] Started Initial cloud-init job (pre-networking).
[[0;32m  OK  [0m] Reached target Network (Pre).
         Starting Network Service...
[[0;32m  OK  [0m] Started Network Service.
         Starting Network Name Resolution...
         Starting Wait for Network to be Configured...
[[0;32m  OK  [0m] Started Network Name Resolution.
[[0;32m  OK  [0m] Reached target Host and Network Name Lookups.
[[0;32m  OK  [0m] Reached target Network.
[[0;32m  OK  [0m] Started Wait for Network to be Configured.
         Starting Initial cloud-init job (metadata service crawler)...
[    8.915294] cloud-init[709]: Cloud-init v. 21.1-19-gbad84ad4-0ubuntu1~18.04.2 running 'init' at Wed, 09 Jun 2021 08:35:07 +0000. Up 8.80 seconds.
[    8.916670] cloud-init[709]: ci-info: ++++++++++++++++++++++++++++++++++++++Net device info++++++++++++++++++++++++++++++++++++++
[    8.918537] cloud-init[709]: ci-info: +--------+------+----------------------------+---------------+--------+-------------------+
[    8.920025] cloud-init[709]: ci-info: | Device |  Up  |          Address           |      Mask     | Scope  |     Hw-Address    |
[    8.921998] cloud-init[709]: ci-info: +--------+------+----------------------------+---------------+--------+-------------------+
[    8.924095] cloud-init[709]: ci-info: | enp0s3 | True |         10.0.2.15          | 255.255.255.0 | global | 02:c3:ac:bf:e0:17 |
[    8.925967] cloud-init[709]: ci-info: | enp0s3 | True | fe80::c3:acff:febf:e017/64 |       .       |  link  | 02:c3:ac:bf:e0:17 |
[    8.927836] cloud-init[709]: ci-info: |   lo   | True |         127.0.0.1          |   255.0.0.0   |  host  |         .         |
[    8.929735] cloud-init[709]: ci-info: |   lo   | True |          ::1/128           |       .       |  host  |         .         |
[    8.931593] cloud-init[709]: ci-info: +--------+------+----------------------------+---------------+--------+-------------------+
[    8.933499] cloud-init[709]: ci-info: ++++++++++++++++++++++++++++Route IPv4 info+++++++++++++++++++++++++++++
[    8.935254] cloud-init[709]: ci-info: +-------+-------------+----------+-----------------+-----------+-------+
[    8.937372] cloud-init[709]: ci-info: | Route | Destination | Gateway  |     Genmask     | Interface | Flags |
[    8.938993] cloud-init[709]: ci-info: +-------+-------------+----------+-----------------+-----------+-------+
[    8.940616] cloud-init[709]: ci-info: |   0   |   0.0.0.0   | 10.0.2.2 |     0.0.0.0     |   enp0s3  |   UG  |
[    8.942233] cloud-init[709]: ci-info: |   1   |   10.0.2.0  | 0.0.0.0  |  255.255.255.0  |   enp0s3  |   U   |
[    8.943852] cloud-init[709]: ci-info: |   2   |   10.0.2.2  | 0.0.0.0  | 255.255.255.255 |   enp0s3  |   UH  |
[    8.945645] cloud-init[709]: ci-info: +-------+-------------+----------+-----------------+-----------+-------+
[    8.947518] cloud-init[709]: ci-info: +++++++++++++++++++Route IPv6 info+++++++++++++++++++
[    8.948812] cloud-init[709]: ci-info: +-------+-------------+---------+-----------+-------+
[    8.950409] cloud-init[709]: ci-info: | Route | Destination | Gateway | Interface | Flags |
[    8.952098] cloud-init[709]: ci-info: +-------+-------------+---------+-----------+-------+
[    8.953621] cloud-init[709]: ci-info: |   1   |  fe80::/64  |    ::   |   enp0s3  |   U   |
[    8.964226] cloud-init[709]: ci-info: |   3   |    local    |    ::   |   enp0s3  |   U   |
[    8.965749] cloud-init[709]: ci-info: |   4   |   ff00::/8  |    ::   |   enp0s3  |   U   |
[    8.967242] cloud-init[709]: ci-info: +-------+-------------+---------+-----------+-------+
[    9.648184] cloud-init[709]: Generating public/private rsa key pair.
[    9.662664] cloud-init[709]: Your identification has been saved in /etc/ssh/ssh_host_rsa_key.
[    9.672680] cloud-init[709]: Your public key has been saved in /etc/ssh/ssh_host_rsa_key.pub.
[    9.693440] [[0;32m  OK  [0m] Started Initial cloud-init job (metadata service crawler).
cloud-init[709]: The key fingerprint is:
[[0;32m  OK  [0m] Reached target Network is Online.
[    9.705065] cloud-init[709]: SHA256:WMbXgMMfJi3SdDtT8KCr5Zd5GX69o30aOluJKOhU/hs root@ubuntu-bionic
[[0;32m  OK  [0m] Reached target Remote File Systems (Pre).
[    9.729910] [[0;32m  OK  [0m] Reached target Remote File Systems.
cloud-init[709]: The key's randomart image is:
         Starting Availability of block devices...
[    9.734359] [cloud-init[0;32m  OK  [0m[709]: ] +---[RSA 2048]----+Reached target Cloud-config availability.

[[0;32m  OK  [0m] Reached target System Initialization.
[    9.736492] cloud-init[[0;32m  OK  [0m] Started Discard unused blocks once a week.
[[0;32m  OK  [0m] Listening on D-Bus System Message Bus Socket.
[709]: |       +.o=..    |
[    9.748530] [cloud-init[0;32m  OK  [0m[709]: ] |      ..Bo+B     |Started ACPI Events Check.

[    9.749784] [[0;32m  OK  [0m] Started Ubuntu Advantage update messaging.
[[0;32m  OK  [0m] Reached target Paths.
[[0;32m  OK  [0m] Listening on UUID daemon activation socket.
[[0;32m  OK  [0m] Started Daily Cleanup of Temporary Directories.
cloud-init[709]: |       .=*=.o    |
[    9.766239]          cloud-initStarting LXD - unix socket.[709]: 
|       + o.o     |
[[0;32m  OK  [0m] Started Message of the Day.
[    9.776888] cloud-init[709]: |      . S   .    |
         Starting Socket activation for snappy daemon.
[    9.788368] [[0;32m  OK  [0m] Listening on ACPID Listen Socket.
[[0;32m  OK  [0m] Listening on Open-iSCSI iscsid Socket.
[[0;32m  OK  [0m] Started Daily apt download activities.
[[0;32m  OK  [0m] Started Daily apt upgrade and clean activities.
[[0;32m  OK  [0m] Reached target Timers.
[[0;32m  OK  [0m] Started Availability of block devices.
[[0;32m  OK  [0m] Listening on LXD - unix socket.
[[0;32m  OK  [0m] Listening on Socket activation for snappy daemon.
cloud-init[709]: |       B   = + o |
[[0;32m  OK  [0m] Reached target Sockets.
[[0;32m  OK  [0m] Reached target Basic System.
[    9.797434] cloud-init[709]: |      + + E = = .|
         Starting Virtualbox guest utils...
[    9.799529] cloud-init[709]: |     o   + o.+.oo|
         [    9.821235] Starting Accounts Service...cloud-init
[709]: |      .   o.o+o+o|
[[0;32m  OK  [0m[    9.836228] ] cloud-initStarted Regular background program processing daemon.[709]: 
+----[SHA256]-----+
[    9.837199] cloud-init[709]: Generating public/private dsa key pair.
[    9.838149] cloud-init[709]: Your identification has been saved in /etc/ssh/ssh_host_dsa_key.
[    9.839568] cloud-init[709]: Your public key has been saved in /etc/ssh/ssh_host_dsa_key.pub.
[    9.840962] cloud-init[709]: The key fingerprint is:
[    9.841797] cloud-init[709]: SHA256:BLD+7puGRMUj0KrmcrTmIaY59D4DjTfvRdIjP86wgzQ root@ubuntu-bionic
[    9.843536] cloud-init[709]: The key's randomart image is:
         Starting System Logging Service...[    9.844981] cloud-init[709]: +---[DSA 1024]----+
[    9.845277] cloud-init[709]: |  .o.o.          |
[    9.845910] cloud-init[709]: |    o.+.         |
[    9.846596] cloud-init[709]: |   ..o ..        |
[    9.847206] cloud-init[709]: |  ... ..         |
[    9.847832] cloud-init[709]: | .o..o +S        |
[    9.848491] cloud-init[709]: |.=.E..= .        |
[    9.849133] cloud-init[709]: |=o*o=o.+         |
[    9.849766] cloud-init[709]: |=++*.+B..        |
[    9.850421] cloud-init[709]: |+=o.+=*+         |
[    9.851052] cloud-init[709]: +----[SHA256]-----+
[    9.851684] 
[[0;32m  OK  [0m] Started D-Bus System Message Bus.cloud-init[709]: Generating public/private ecdsa key pair.
[    9.856540] cloud-init[709]: Your identification has been saved in /etc/ssh/ssh_host_ecdsa_key.
[    9.857119] cloud-init[709]: Your public key has been saved in /etc/ssh/ssh_host_ecdsa_key.pub.
[    9.857757] cloud-init[709]: The key fingerprint is:
[    9.858387] cloud-init[709]: SHA256:8tGLVH15mLmFCHXvDmv47nh/NqY5XaebIcKTVq9GDTw root@ubuntu-bionic
[    9.859029] cloud-init[709]: The key's randomart image is:
[    9.859685] cloud-init[709]: +---[ECDSA 256]---+
[    9.860548] cloud-init[709]: |          ... .  |
[    9.861168] cloud-init[709]: |           o o B |
[    9.861795] cloud-init[709]: |          ..o B +|
[    9.862428] cloud-init[709]: |         o  E. = |
[    9.863058] cloud-init[709]: |      . S . .+o .|
[    9.863684] cloud-init[709]: |       + + +.o.+o|
[    9.866020] cloud-init[709]: |        o B.o *.+|
[    9.866623] cloud-init[709]: |         . o.B+*o|
[    9.867248] cloud-init[709]: |           .o*X++|
[    9.867874] cloud-init[709]: +----[SHA256]-----+
[    9.868550] cloud-init[709]: Generating public/private ed25519 key pair.
[    9.869164] cloud-init[709]: Your identification has been saved in /etc/ssh/ssh_host_ed25519_key.
[    9.869768] cloud-init[709]: Your public key has been saved in /etc/ssh/ssh_host_ed25519_key.pub.
[    9.870378] cloud-init[709]: The key fingerprint is:
[    9.870984] cloud-init[709]: SHA256:rmbQBahtXBBncwHO4wnXZXhfMSpXD/lCpqFzp6ferhE root@ubuntu-bionic
[    9.871596] cloud-init[709]: The key's randomart image is:
[    9.872432] cloud-init[709]: +--[ED25519 256]--+
[    9.873035] cloud-init[709]: |    o+=.ooo   =o |
[    9.873652] cloud-init[709]: |    .=o+.o. .o=+ |
[    9.874267] cloud-init[709]: |   +..=....oo* ..|
[    9.874863] cloud-init[709]: |  . ++ o. oo+ o .|
[    9.875487] cloud-init[709]: |   . .o.S  oEo . |
[    9.876368] cloud-init[709]: |    . ..    ...  |
[    9.876965] cloud-init[709]: |     .  .   .o   |
[    9.877571] cloud-init[709]: |      o.    .o   |
[    9.878194] cloud-init[709]: |     o.    .ooo  |
[    9.878787] cloud-init[709]: +----[SHA256]-----+

[[0;32m  OK  [0m] Started irqbalance daemon.
         Starting Permit User Sessions...
         Starting LSB: automatic crash report generation...
         Starting Login Service...
[[0;32m  OK  [0m] Started Deferred execution scheduler.
         Starting Pollinate to seed the pseudo random number generator...
         Starting LSB: Record successful boot for GRUB...
         Starting Dispatcher daemon for systemd-networkd...
         Starting Snap Daemon...
         Starting LXD - container startup/shutdown...
[[0;32m  OK  [0m] Started FUSE filesystem for LXC.
[[0;32m  OK  [0m] Started System Logging Service.
[[0;32m  OK  [0m] Started Permit User Sessions.
[[0;32m  OK  [0m] Started Login Service.
[[0;32m  OK  [0m] Started Unattended Upgrades Shutdown.
         Starting Authorization Manager...
         Starting Terminate Plymouth Boot Screen...
         Starting Hold until boot process finishes up...
[[0;32m  OK  [0m] Started Hold until boot process finishes up.
         Starting Set console scheme...
[[0;32m  OK  [0m] Started Serial Getty on ttyS0.
[[0;32m  OK  [0m] Started Terminate Plymouth Boot Screen.
[[0;32m  OK  [0m] Started LSB: automatic crash report generation.
[[0;32m  OK  [0m] Started Set console scheme.
[[0;32m  OK  [0m] Created slice system-getty.slice.
[[0;32m  OK  [0m] Started Getty on tty1.
[[0;32m  OK  [0m] Reached target Login Prompts.
[[0;32m  OK  [0m] Started LSB: Record successful boot for GRUB.
[[0;32m  OK  [0m] Started Authorization Manager.
[[0;32m  OK  [0m] Started Accounts Service.
[[0;32m  OK  [0m] Started LXD - container startup/shutdown.
[[0;32m  OK  [0m] Started Virtualbox guest utils.
[[0;32m  OK  [0m] Started Dispatcher daemon for systemd-networkd.
[[0;32m  OK  [0m] Started Snap Daemon.
         Starting Wait until snapd is fully seeded...
[[0;32m  OK  [0m] Started Pollinate to seed the pseudo random number generator.
         Starting OpenBSD Secure Shell server...
[[0;32m  OK  [0m] Started OpenBSD Secure Shell server.
[[0;32m  OK  [0m] Created slice User Slice of vagrant.
         Starting User Manager for UID 1000...
[[0;32m  OK  [0m] Started Session 1 of user vagrant.
[[0;32m  OK  [0m] Started User Manager for UID 1000.
[[0;32m  OK  [0m] Started Wait until snapd is fully seeded.
         Starting Apply the settings specified in cloud-config...
[[0;32m  OK  [0m] Reached target Multi-User System.
[[0;32m  OK  [0m] Reached target Graphical Interface.
         Starting Update UTMP about System Runlevel Changes...
[[0;32m  OK  [0m] Started Update UTMP about System Runlevel Changes.
[   13.893800] cloud-init[1375]: Cloud-init v. 21.1-19-gbad84ad4-0ubuntu1~18.04.2 running 'modules:config' at Wed, 09 Jun 2021 08:35:12 +0000. Up 13.51 seconds.
[[0;32m  OK  [0m] Started Apply the settings specified in cloud-config.
         Starting Execute cloud user/final scripts...
ci-info: no authorized SSH keys fingerprints found for user ubuntu.
<14>Jun  9 08:35:13 ec2: 
<14>Jun  9 08:35:13 ec2: #############################################################
<14>Jun  9 08:35:13 ec2: -----BEGIN SSH HOST KEY FINGERPRINTS-----
<14>Jun  9 08:35:13 ec2: 1024 SHA256:BLD+7puGRMUj0KrmcrTmIaY59D4DjTfvRdIjP86wgzQ root@ubuntu-bionic (DSA)
<14>Jun  9 08:35:13 ec2: 256 SHA256:8tGLVH15mLmFCHXvDmv47nh/NqY5XaebIcKTVq9GDTw root@ubuntu-bionic (ECDSA)
<14>Jun  9 08:35:13 ec2: 256 SHA256:rmbQBahtXBBncwHO4wnXZXhfMSpXD/lCpqFzp6ferhE root@ubuntu-bionic (ED25519)
<14>Jun  9 08:35:13 ec2: 2048 SHA256:WMbXgMMfJi3SdDtT8KCr5Zd5GX69o30aOluJKOhU/hs root@ubuntu-bionic (RSA)
<14>Jun  9 08:35:13 ec2: -----END SSH HOST KEY FINGERPRINTS-----
<14>Jun  9 08:35:13 ec2: #############################################################
-----BEGIN SSH HOST KEY KEYS-----
ecdsa-sha2-nistp256 AAAAE2VjZHNhLXNoYTItbmlzdHAyNTYAAAAIbmlzdHAyNTYAAABBBEdtT6vlw8wVKO9y3/sQkjdjTsw+SZwjAnBVWwQyVytjAH+PQefzM3Fqya8/IRIGeRoQ7li/4c+Oy2TMRdM5pD4= root@ubuntu-bionic
ssh-ed25519 AAAAC3NzaC1lZDI1NTE5AAAAIEp3Ik/ojdSPxPcDxBUpUs5LA1qbXYd1b8QiWdO/M5ku root@ubuntu-bionic
ssh-rsa AAAAB3NzaC1yc2EAAAADAQABAAABAQDpkMCBUkhqcT+quEdYZtnyIQnus7xFaMh+RPgtvZEdI34IQexOxQnEHXngi+88kZBsR63tU0oHnrnwQZiWwgLM3d/nBu+nuw+ZEshZdqrfq8krxe1wZAilDGUB7CJp7C6LAB5dItmSsILtVwY7NGutDDJMNaRM4nwmdWkTvVyJ1g4qvU6GCKaG74EFtEWdIBOR8JKVTE1rJay/aSJEFpswt6MbSvaLi9I4K3+pM8fkXXqrlc1AQ5ALLCPvDpfaIFOjPNMRKPHzwzRQO8G2wUxJ2YwNxBSqFa35IlAS3cA62WuLa7EhvxahcrqIjY5iXS2qYUhyTELJUa5TXEQ/XOYv root@ubuntu-bionic
-----END SSH HOST KEY KEYS-----
[   14.436062] cloud-init[1562]: Cloud-init v. 21.1-19-gbad84ad4-0ubuntu1~18.04.2 running 'modules:final' at Wed, 09 Jun 2021 08:35:13 +0000. Up 14.28 seconds.
[   14.438745] cloud-init[1562]: ci-info: no authorized SSH keys fingerprints found for user ubuntu.
[   14.448303] cloud-init[1562]: Cloud-init v. 21.1-19-gbad84ad4-0ubuntu1~18.04.2 finished at Wed, 09 Jun 2021 08:35:13 +0000. Datasource DataSourceNoCloud [seed=/dev/sdb][dsmode=net].  Up 14.42 seconds
[[0;32m  OK  [0m] Started Execute cloud user/final scripts.
[[0;32m  OK  [0m] Reached target Cloud-init target.

Ubuntu 18.04.5 LTS ubuntu-bionic ttyS0

ubuntu-bionic login: 